<?xml version="1.0" encoding="UTF-8"?>
<coverage generated="1779767483882" clover="3.2.0">
  <project timestamp="1779767483882" name="All files">
    <metrics statements="137" coveredstatements="125" conditionals="77" coveredconditionals="50" methods="44" coveredmethods="40" elements="258" coveredelements="215" complexity="0" loc="137" ncloc="137" packages="1" files="4" classes="4"/>
    <file name="cart.ts" path="C:\Users\usuario\Desktop\goshopping\libs\storefront-sdk\src\cart.ts">
      <metrics statements="54" coveredstatements="51" conditionals="20" coveredconditionals="17" methods="21" coveredmethods="21"/>
      <line num="2" count="1" type="stmt"/>
      <line num="4" count="1" type="stmt"/>
      <line num="10" count="20" type="stmt"/>
      <line num="11" count="20" type="stmt"/>
      <line num="12" count="20" type="stmt"/>
      <line num="18" count="20" type="cond" truecount="0" falsecount="1"/>
      <line num="19" count="0" type="stmt"/>
      <line num="22" count="20" type="stmt"/>
      <line num="23" count="20" type="stmt"/>
      <line num="24" count="20" type="cond" truecount="8" falsecount="0"/>
      <line num="26" count="20" type="cond" truecount="1" falsecount="0"/>
      <line num="27" count="2" type="stmt"/>
      <line num="30" count="18" type="cond" truecount="2" falsecount="0"/>
      <line num="31" count="1" type="stmt"/>
      <line num="33" count="17" type="stmt"/>
      <line num="36" count="18" type="stmt"/>
      <line num="40" count="2" type="stmt"/>
      <line num="41" count="2" type="stmt"/>
      <line num="45" count="2" type="cond" truecount="1" falsecount="0"/>
      <line num="46" count="1" type="stmt"/>
      <line num="49" count="1" type="stmt"/>
      <line num="50" count="1" type="stmt"/>
      <line num="51" count="1" type="cond" truecount="1" falsecount="0"/>
      <line num="52" count="1" type="cond" truecount="0" falsecount="1"/>
      <line num="53" count="0" type="stmt"/>
      <line num="55" count="1" type="stmt"/>
      <line num="57" count="1" type="stmt"/>
      <line num="61" count="1" type="stmt"/>
      <line num="65" count="2" type="stmt"/>
      <line num="66" count="2" type="stmt"/>
      <line num="67" count="2" type="stmt"/>
      <line num="70" count="1" type="stmt"/>
      <line num="77" count="24" type="stmt"/>
      <line num="78" count="24" type="stmt"/>
      <line num="79" count="24" type="stmt"/>
      <line num="80" count="24" type="stmt"/>
      <line num="86" count="2" type="stmt"/>
      <line num="87" count="2" type="stmt"/>
      <line num="93" count="2" type="stmt"/>
      <line num="97" count="2" type="stmt"/>
      <line num="103" count="28" type="stmt"/>
      <line num="104" count="28" type="cond" truecount="0" falsecount="1"/>
      <line num="105" count="28" type="stmt"/>
      <line num="106" count="28" type="cond" truecount="1" falsecount="0"/>
      <line num="107" count="8" type="stmt"/>
      <line num="109" count="0" type="stmt"/>
      <line num="114" count="22" type="stmt"/>
      <line num="115" count="22" type="cond" truecount="1" falsecount="0"/>
      <line num="116" count="22" type="stmt"/>
      <line num="122" count="22" type="stmt"/>
      <line num="123" count="22" type="stmt"/>
      <line num="126" count="20" type="stmt"/>
      <line num="129" count="22" type="stmt"/>
      <line num="130" count="22" type="stmt"/>
    </file>
    <file name="client.ts" path="C:\Users\usuario\Desktop\goshopping\libs\storefront-sdk\src\client.ts">
      <metrics statements="44" coveredstatements="39" conditionals="32" coveredconditionals="21" methods="14" coveredmethods="11"/>
      <line num="9" count="1" type="stmt"/>
      <line num="11" count="1" type="stmt"/>
      <line num="13" count="1" type="stmt"/>
      <line num="18" count="14" type="stmt"/>
      <line num="23" count="14" type="stmt"/>
      <line num="35" count="6" type="cond" truecount="2" falsecount="0"/>
      <line num="36" count="6" type="stmt"/>
      <line num="42" count="3" type="stmt"/>
      <line num="47" count="0" type="stmt"/>
      <line num="48" count="0" type="stmt"/>
      <line num="49" count="0" type="stmt"/>
      <line num="50" count="0" type="cond" truecount="0" falsecount="1"/>
      <line num="52" count="0" type="stmt"/>
      <line num="58" count="3" type="stmt"/>
      <line num="65" count="1" type="stmt"/>
      <line num="73" count="1" type="stmt"/>
      <line num="79" count="14" type="stmt"/>
      <line num="80" count="14" type="stmt"/>
      <line num="82" count="14" type="cond" truecount="4" falsecount="0"/>
      <line num="84" count="14" type="stmt"/>
      <line num="85" count="16" type="stmt"/>
      <line num="86" count="16" type="stmt"/>
      <line num="87" count="16" type="stmt"/>
      <line num="88" count="16" type="stmt"/>
      <line num="89" count="13" type="stmt"/>
      <line num="91" count="13" type="cond" truecount="1" falsecount="0"/>
      <line num="93" count="2" type="cond" truecount="1" falsecount="0"/>
      <line num="94" count="1" type="stmt"/>
      <line num="95" count="1" type="cond" truecount="1" falsecount="1"/>
      <line num="98" count="11" type="stmt"/>
      <line num="100" count="5" type="stmt"/>
      <line num="101" count="5" type="cond" truecount="1" falsecount="0"/>
      <line num="103" count="3" type="cond" truecount="3" falsecount="0"/>
      <line num="104" count="2" type="stmt"/>
      <line num="106" count="1" type="cond" truecount="1" falsecount="1"/>
      <line num="110" count="14" type="stmt"/>
      <line num="111" count="14" type="stmt"/>
      <line num="114" count="4" type="cond" truecount="1" falsecount="0"/>
      <line num="115" count="2" type="stmt"/>
      <line num="117" count="2" type="stmt"/>
      <line num="122" count="1" type="stmt"/>
      <line num="123" count="5" type="cond" truecount="3" falsecount="0"/>
      <line num="125" count="1" type="cond" truecount="0" falsecount="1"/>
      <line num="126" count="5" type="stmt"/>
    </file>
    <file name="errors.ts" path="C:\Users\usuario\Desktop\goshopping\libs\storefront-sdk\src\errors.ts">
      <metrics statements="26" coveredstatements="22" conditionals="3" coveredconditionals="1" methods="5" coveredmethods="4"/>
      <line num="1" count="2" type="stmt"/>
      <line num="6" count="7" type="stmt"/>
      <line num="7" count="7" type="stmt"/>
      <line num="8" count="7" type="stmt"/>
      <line num="9" count="7" type="stmt"/>
      <line num="11" count="7" type="stmt"/>
      <line num="15" count="2" type="stmt"/>
      <line num="17" count="3" type="stmt"/>
      <line num="18" count="3" type="stmt"/>
      <line num="19" count="3" type="stmt"/>
      <line num="23" count="2" type="stmt"/>
      <line num="25" count="1" type="stmt"/>
      <line num="26" count="1" type="stmt"/>
      <line num="27" count="1" type="stmt"/>
      <line num="31" count="2" type="stmt"/>
      <line num="37" count="2" type="stmt"/>
      <line num="42" count="2" type="stmt"/>
      <line num="43" count="2" type="stmt"/>
      <line num="44" count="2" type="stmt"/>
      <line num="45" count="2" type="stmt"/>
      <line num="46" count="2" type="stmt"/>
      <line num="50" count="2" type="stmt"/>
      <line num="54" count="0" type="stmt"/>
      <line num="55" count="0" type="stmt"/>
      <line num="56" count="0" type="stmt"/>
      <line num="57" count="0" type="stmt"/>
    </file>
    <file name="utils.ts" path="C:\Users\usuario\Desktop\goshopping\libs\storefront-sdk\src\utils.ts">
      <metrics statements="13" coveredstatements="13" conditionals="22" coveredconditionals="11" methods="4" coveredmethods="4"/>
      <line num="5" count="1" type="cond" truecount="1" falsecount="0"/>
      <line num="6" count="4" type="stmt"/>
      <line num="19" count="1" type="stmt"/>
      <line num="20" count="5" type="cond" truecount="1" falsecount="0"/>
      <line num="21" count="4" type="cond" truecount="3" falsecount="0"/>
      <line num="22" count="2" type="stmt"/>
      <line num="25" count="2" type="cond" truecount="3" falsecount="1"/>
      <line num="29" count="2" type="stmt"/>
      <line num="36" count="1" type="stmt"/>
      <line num="37" count="5" type="stmt"/>
      <line num="51" count="1" type="stmt"/>
      <line num="52" count="4" type="cond" truecount="3" falsecount="0"/>
      <line num="53" count="1" type="stmt"/>
    </file>
  </project>
</coverage>
