TN:
SF:src\cart.ts
FN:9,(anonymous_0)
FN:17,(anonymous_1)
FN:23,(anonymous_2)
FN:39,(anonymous_3)
FN:40,(anonymous_4)
FN:44,(anonymous_5)
FN:50,(anonymous_6)
FN:60,(anonymous_7)
FN:64,(anonymous_8)
FN:70,(anonymous_9)
FN:76,(anonymous_10)
FN:77,(anonymous_11)
FN:85,(anonymous_12)
FN:87,(anonymous_13)
FN:92,(anonymous_14)
FN:93,(anonymous_15)
FN:96,(anonymous_16)
FN:102,(anonymous_17)
FN:113,(anonymous_18)
FN:126,(anonymous_19)
FN:129,(anonymous_20)
FNF:21
FNH:21
FNDA:20,(anonymous_0)
FNDA:20,(anonymous_1)
FNDA:2,(anonymous_2)
FNDA:2,(anonymous_3)
FNDA:2,(anonymous_4)
FNDA:2,(anonymous_5)
FNDA:1,(anonymous_6)
FNDA:1,(anonymous_7)
FNDA:2,(anonymous_8)
FNDA:1,(anonymous_9)
FNDA:24,(anonymous_10)
FNDA:21,(anonymous_11)
FNDA:2,(anonymous_12)
FNDA:1,(anonymous_13)
FNDA:1,(anonymous_14)
FNDA:2,(anonymous_15)
FNDA:2,(anonymous_16)
FNDA:28,(anonymous_17)
FNDA:22,(anonymous_18)
FNDA:20,(anonymous_19)
FNDA:1,(anonymous_20)
DA:2,1
DA:4,1
DA:10,20
DA:11,20
DA:12,20
DA:18,20
DA:19,0
DA:22,20
DA:23,20
DA:24,20
DA:26,20
DA:27,2
DA:30,18
DA:31,1
DA:33,17
DA:36,18
DA:40,2
DA:41,2
DA:45,2
DA:46,1
DA:49,1
DA:50,1
DA:51,1
DA:52,1
DA:53,0
DA:55,1
DA:57,1
DA:61,1
DA:65,2
DA:66,2
DA:67,2
DA:70,1
DA:77,24
DA:78,24
DA:79,24
DA:80,24
DA:86,2
DA:87,2
DA:93,2
DA:97,2
DA:103,28
DA:104,28
DA:105,28
DA:106,28
DA:107,8
DA:109,0
DA:114,22
DA:115,22
DA:116,22
DA:122,22
DA:123,22
DA:126,20
DA:129,22
DA:130,22
LF:54
LH:51
BRDA:9,0,0,20
BRDA:17,1,0,8
BRDA:18,2,0,0
BRDA:24,3,0,1
BRDA:24,3,1,19
BRDA:24,4,0,20
BRDA:24,4,1,20
BRDA:24,5,0,19
BRDA:24,5,1,1
BRDA:24,6,0,20
BRDA:24,6,1,20
BRDA:26,7,0,2
BRDA:30,8,0,1
BRDA:30,8,1,17
BRDA:45,9,0,1
BRDA:51,10,0,1
BRDA:52,11,0,0
BRDA:104,12,0,0
BRDA:106,13,0,20
BRDA:115,14,0,22
BRF:20
BRH:17
end_of_record
TN:
SF:src\client.ts
FN:17,(anonymous_0)
FN:28,(anonymous_1)
FN:41,(anonymous_2)
FN:45,(anonymous_3)
FN:57,(anonymous_4)
FN:64,(anonymous_5)
FN:72,(anonymous_6)
FN:78,(anonymous_7)
FN:84,(anonymous_8)
FN:86,(anonymous_9)
FN:94,(anonymous_10)
FN:121,(anonymous_11)
FN:123,(anonymous_12)
FN:126,(anonymous_13)
FNF:14
FNH:11
FNDA:14,(anonymous_0)
FNDA:6,(anonymous_1)
FNDA:3,(anonymous_2)
FNDA:0,(anonymous_3)
FNDA:3,(anonymous_4)
FNDA:1,(anonymous_5)
FNDA:1,(anonymous_6)
FNDA:14,(anonymous_7)
FNDA:16,(anonymous_8)
FNDA:0,(anonymous_9)
FNDA:0,(anonymous_10)
FNDA:1,(anonymous_11)
FNDA:5,(anonymous_12)
FNDA:5,(anonymous_13)
DA:9,1
DA:11,1
DA:13,1
DA:18,14
DA:23,14
DA:35,6
DA:36,6
DA:42,3
DA:47,0
DA:48,0
DA:49,0
DA:50,0
DA:52,0
DA:58,3
DA:65,1
DA:73,1
DA:79,14
DA:80,14
DA:82,14
DA:84,14
DA:85,16
DA:86,16
DA:87,16
DA:88,16
DA:89,13
DA:91,13
DA:93,2
DA:94,1
DA:95,1
DA:98,11
DA:100,5
DA:101,5
DA:103,3
DA:104,2
DA:106,1
DA:110,14
DA:111,14
DA:114,4
DA:115,2
DA:117,2
DA:122,1
DA:123,5
DA:125,1
DA:126,5
LF:44
LH:39
BRDA:19,0,0,14
BRDA:19,0,1,0
BRDA:19,1,0,14
BRDA:19,1,1,14
BRDA:20,2,0,0
BRDA:20,2,1,0
BRDA:21,3,0,0
BRDA:21,3,1,0
BRDA:21,4,0,0
BRDA:21,4,1,0
BRDA:35,5,0,1
BRDA:35,5,1,5
BRDA:50,6,0,0
BRDA:82,7,0,11
BRDA:82,7,1,3
BRDA:82,8,0,14
BRDA:82,8,1,14
BRDA:91,9,0,2
BRDA:93,10,0,1
BRDA:95,11,0,1
BRDA:95,11,1,0
BRDA:101,12,0,2
BRDA:103,13,0,2
BRDA:103,14,0,3
BRDA:103,14,1,3
BRDA:106,15,0,1
BRDA:106,15,1,0
BRDA:114,16,0,2
BRDA:123,17,0,5
BRDA:123,17,1,5
BRDA:123,17,2,5
BRDA:125,18,0,0
BRF:32
BRH:21
end_of_record
TN:
SF:src\errors.ts
FN:5,(anonymous_0)
FN:16,(anonymous_1)
FN:24,(anonymous_2)
FN:36,(anonymous_3)
FN:53,(anonymous_4)
FNF:5
FNH:4
FNDA:7,(anonymous_0)
FNDA:3,(anonymous_1)
FNDA:1,(anonymous_2)
FNDA:2,(anonymous_3)
FNDA:0,(anonymous_4)
DA:1,2
DA:6,7
DA:7,7
DA:8,7
DA:9,7
DA:11,7
DA:15,2
DA:17,3
DA:18,3
DA:19,3
DA:23,2
DA:25,1
DA:26,1
DA:27,1
DA:31,2
DA:37,2
DA:42,2
DA:43,2
DA:44,2
DA:45,2
DA:46,2
DA:50,2
DA:54,0
DA:55,0
DA:56,0
DA:57,0
LF:26
LH:22
BRDA:5,0,0,0
BRDA:16,1,0,0
BRDA:24,2,0,1
BRF:3
BRH:1
end_of_record
TN:
SF:src\utils.ts
FN:5,formatPrice
FN:19,buildImageURL
FN:36,slugify
FN:51,truncate
FNF:4
FNH:4
FNDA:4,formatPrice
FNDA:5,buildImageURL
FNDA:5,slugify
FNDA:4,truncate
DA:5,1
DA:6,4
DA:19,1
DA:20,5
DA:21,4
DA:22,2
DA:25,2
DA:29,2
DA:36,1
DA:37,5
DA:51,1
DA:52,4
DA:53,1
LF:13
LH:13
BRDA:5,0,0,3
BRDA:20,1,0,1
BRDA:21,2,0,2
BRDA:21,3,0,4
BRDA:21,3,1,3
BRDA:25,4,0,2
BRDA:25,4,1,0
BRDA:25,5,0,2
BRDA:25,5,1,2
BRDA:26,6,0,0
BRDA:26,6,1,0
BRDA:27,7,0,0
BRDA:27,7,1,0
BRDA:27,8,0,0
BRDA:27,8,1,0
BRDA:27,9,0,0
BRDA:27,9,1,0
BRDA:27,10,0,0
BRDA:27,10,1,0
BRDA:52,11,0,3
BRDA:52,12,0,4
BRDA:52,12,1,3
BRF:22
BRH:11
end_of_record
